TN:
SF:src/ludamus/client/src/app-scroll.ts
FN:40,(anonymous_0)
FN:43,(anonymous_1)
FNF:2
FNH:2
FNDA:39,(anonymous_0)
FNDA:39,(anonymous_1)
DA:14,169
DA:22,169
DA:23,169
DA:30,169
DA:31,0
DA:32,0
DA:33,0
DA:34,0
DA:38,169
DA:39,169
DA:42,39
DA:44,39
LF:12
LH:8
BRDA:18,0,0,169
BRDA:18,0,1,0
BRDA:22,1,0,169
BRDA:22,1,1,0
BRDA:30,2,0,0
BRDA:30,2,1,169
BRDA:32,3,0,0
BRDA:32,3,1,0
BRDA:34,4,0,0
BRDA:34,4,1,0
BRF:10
BRH:3
end_of_record
TN:
SF:src/ludamus/client/src/bulk-status.ts
FN:6,(anonymous_0)
FN:23,(anonymous_1)
FNF:2
FNH:2
FNDA:13,(anonymous_0)
FNDA:2,(anonymous_1)
DA:6,11
DA:7,13
DA:8,13
DA:9,9
DA:12,13
DA:13,13
DA:14,36
DA:16,9
DA:17,9
DA:23,11
DA:24,2
DA:25,2
DA:26,0
DA:27,0
DA:28,0
DA:30,0
DA:31,0
LF:17
LH:12
BRDA:8,0,0,4
BRDA:8,0,1,9
BRDA:12,1,0,9
BRDA:12,1,1,9
BRDA:17,2,0,9
BRDA:17,2,1,9
BRDA:18,3,0,9
BRDA:18,3,1,0
BRDA:19,4,0,9
BRDA:19,4,1,9
BRDA:25,5,0,0
BRDA:25,5,1,2
BRDA:26,6,0,0
BRDA:26,6,1,0
BRDA:26,6,2,0
BRF:15
BRH:10
end_of_record
TN:
SF:src/ludamus/client/src/confirm.ts
FN:17,(anonymous_0)
FN:27,(anonymous_1)
FN:36,(anonymous_2)
FN:80,(anonymous_3)
FN:96,(anonymous_4)
FN:109,(anonymous_5)
FN:122,(anonymous_6)
FN:132,(anonymous_7)
FN:144,(anonymous_8)
FNF:9
FNH:8
FNDA:170,(anonymous_0)
FNDA:11,(anonymous_1)
FNDA:11,(anonymous_2)
FNDA:90,(anonymous_3)
FNDA:11,(anonymous_4)
FNDA:217,(anonymous_5)
FNDA:0,(anonymous_6)
FNDA:210,(anonymous_7)
FNDA:10,(anonymous_8)
DA:13,169
DA:18,170
DA:19,170
DA:33,11
DA:40,11
DA:41,0
DA:42,0
DA:45,11
DA:46,11
DA:48,11
DA:49,11
DA:54,11
DA:57,11
DA:64,11
DA:65,11
DA:78,169
DA:81,90
DA:82,90
DA:84,90
DA:85,90
DA:87,22
DA:88,11
DA:89,11
DA:92,11
DA:93,90
DA:94,90
DA:98,11
DA:110,217
DA:111,217
DA:113,217
DA:114,217
DA:116,0
DA:117,0
DA:124,0
DA:133,210
DA:135,210
DA:137,11
DA:138,11
DA:145,10
LF:39
LH:34
BRDA:19,0,0,170
BRDA:19,0,1,0
BRDA:31,1,0,11
BRDA:40,2,0,0
BRDA:40,2,1,11
BRDA:41,3,0,0
BRDA:41,3,1,0
BRDA:46,4,0,11
BRDA:46,4,1,11
BRDA:49,5,0,11
BRDA:49,5,1,11
BRDA:50,6,0,11
BRDA:50,6,1,0
BRDA:51,7,0,11
BRDA:51,7,1,11
BRDA:57,8,0,11
BRDA:57,8,1,11
BRDA:58,9,0,11
BRDA:58,9,1,0
BRDA:59,10,0,11
BRDA:59,10,1,9
BRDA:65,11,0,11
BRDA:65,11,1,11
BRDA:82,12,0,0
BRDA:82,12,1,90
BRDA:85,13,0,68
BRDA:85,13,1,22
BRDA:87,14,0,11
BRDA:87,14,1,11
BRDA:93,15,0,11
BRDA:93,15,1,0
BRDA:96,16,0,90
BRDA:96,16,1,9
BRDA:111,17,0,0
BRDA:111,17,1,217
BRDA:114,18,0,217
BRDA:114,18,1,0
BRDA:117,19,0,0
BRDA:117,19,1,0
BRDA:122,20,0,0
BRDA:122,20,1,0
BRDA:135,21,0,199
BRDA:135,21,1,11
BRDA:134,22,0,210
BRDA:134,22,1,210
BRF:45
BRH:31
end_of_record
TN:
SF:src/ludamus/client/src/copy.ts
FN:15,(anonymous_0)
FN:23,(anonymous_1)
FN:31,(anonymous_2)
FN:40,(anonymous_3)
FN:47,(anonymous_4)
FN:58,(anonymous_5)
FN:59,(anonymous_6)
FNF:7
FNH:3
FNDA:0,(anonymous_0)
FNDA:0,(anonymous_1)
FNDA:1,(anonymous_2)
FNDA:0,(anonymous_3)
FNDA:210,(anonymous_4)
FNDA:1,(anonymous_5)
FNDA:0,(anonymous_6)
DA:12,169
DA:16,0
DA:25,0
DA:32,1
DA:33,1
DA:34,1
DA:36,1
DA:37,1
DA:41,0
DA:47,169
DA:48,210
DA:49,210
DA:50,1
DA:51,210
DA:53,1
DA:55,210
DA:56,210
DA:60,0
LF:18
LH:14
BRDA:25,0,0,0
BRDA:25,0,1,0
BRDA:33,1,0,0
BRDA:33,1,1,1
BRDA:34,2,0,1
BRDA:34,2,1,0
BRDA:37,3,0,1
BRDA:37,3,1,0
BRDA:49,4,0,209
BRDA:49,4,1,1
BRDA:51,5,0,0
BRDA:51,5,1,210
BRDA:53,6,0,1
BRDA:53,6,1,0
BRDA:56,7,0,1
BRDA:56,7,1,0
BRF:16
BRH:8
end_of_record
TN:
SF:src/ludamus/client/src/design-page.ts
FN:3,(anonymous_0)
FN:15,(anonymous_1)
FN:39,(anonymous_2)
FN:45,(anonymous_3)
FN:50,(anonymous_4)
FN:57,(anonymous_5)
FN:70,(anonymous_6)
FNF:7
FNH:7
FNDA:2,(anonymous_0)
FNDA:2,(anonymous_1)
FNDA:6,(anonymous_2)
FNDA:6,(anonymous_3)
FNDA:6,(anonymous_4)
FNDA:2,(anonymous_5)
FNDA:1,(anonymous_6)
DA:3,6
DA:4,2
DA:5,2
DA:7,1
DA:12,1
DA:16,2
DA:17,2
DA:22,2
DA:23,2
DA:27,2
DA:36,2
DA:40,6
DA:43,6
DA:45,6
DA:46,6
DA:51,6
DA:53,6
DA:54,6
DA:56,6
DA:57,12
DA:58,2
DA:60,2
DA:62,2
DA:63,2
DA:68,6
DA:71,1
DA:72,2
DA:77,6
LF:28
LH:28
BRDA:5,0,0,1
BRDA:5,0,1,1
BRDA:17,1,0,1
BRDA:17,1,1,1
BRDA:18,2,0,1
BRDA:18,2,1,1
BRDA:19,3,0,1
BRDA:19,3,1,1
BRDA:20,4,0,1
BRDA:20,4,1,1
BRDA:43,5,0,0
BRDA:43,5,1,6
BRDA:43,6,0,6
BRDA:43,6,1,6
BRDA:54,7,0,6
BRDA:54,7,1,0
BRDA:60,8,0,0
BRDA:60,8,1,2
BRDA:60,9,0,2
BRDA:60,9,1,2
BRDA:77,10,0,0
BRDA:77,10,1,6
BRF:22
BRH:18
end_of_record
TN:
SF:src/ludamus/client/src/encounter-form.ts
FN:6,(anonymous_0)
FN:8,(anonymous_1)
FN:13,(anonymous_2)
FN:22,(anonymous_3)
FN:28,(anonymous_4)
FN:41,(anonymous_5)
FN:48,(anonymous_6)
FN:66,(anonymous_7)
FN:90,(anonymous_8)
FN:101,(anonymous_9)
FN:111,(anonymous_10)
FNF:11
FNH:8
FNDA:0,(anonymous_0)
FNDA:0,(anonymous_1)
FNDA:0,(anonymous_2)
FNDA:8,(anonymous_3)
FNDA:25,(anonymous_4)
FNDA:5,(anonymous_5)
FNDA:5,(anonymous_6)
FNDA:16,(anonymous_7)
FNDA:1,(anonymous_8)
FNDA:16,(anonymous_9)
FNDA:2,(anonymous_10)
DA:1,14
DA:12,14
DA:14,0
DA:15,0
DA:16,0
DA:22,14
DA:30,25
DA:31,25
DA:32,25
DA:38,25
DA:40,25
DA:42,5
DA:48,25
DA:49,5
DA:50,5
DA:51,1
DA:54,1
DA:57,4
DA:58,5
DA:59,8
DA:61,4
DA:62,8
DA:66,5
DA:68,5
DA:69,3
DA:70,3
DA:75,3
DA:76,0
DA:77,0
DA:79,3
DA:83,1
DA:89,25
DA:90,50
DA:91,1
DA:102,16
DA:103,25
DA:107,14
DA:112,2
DA:113,2
LF:39
LH:34
BRDA:12,0,0,14
BRDA:12,0,1,11
BRDA:12,0,2,11
BRDA:14,1,0,0
BRDA:14,1,1,0
BRDA:14,2,0,0
BRDA:14,2,1,0
BRDA:16,3,0,0
BRDA:16,3,1,0
BRDA:23,4,0,6
BRDA:23,4,1,2
BRDA:24,5,0,0
BRDA:24,5,1,2
BRDA:30,6,0,0
BRDA:30,6,1,25
BRDA:38,7,0,0
BRDA:38,7,1,25
BRDA:38,8,0,25
BRDA:38,8,1,25
BRDA:38,8,2,25
BRDA:50,9,0,1
BRDA:50,9,1,4
BRDA:52,10,0,1
BRDA:52,10,1,1
BRDA:57,11,0,4
BRDA:57,11,1,4
BRDA:67,12,0,4
BRDA:67,12,1,1
BRDA:68,13,0,3
BRDA:68,13,1,1
BRDA:68,14,0,5
BRDA:68,14,1,4
BRDA:75,15,0,0
BRDA:75,15,1,3
BRDA:84,16,0,1
BRDA:84,16,1,1
BRDA:95,17,0,1
BRDA:95,17,1,1
BRDA:101,18,0,16
BRDA:113,19,0,2
BRDA:113,19,1,0
BRF:41
BRH:30
end_of_record
TN:
SF:src/ludamus/client/src/event-print.ts
FN:13,e
FN:18,t
FN:25,n
FNF:3
FNH:0
FNDA:0,e
FNDA:0,t
FNDA:0,n
DA:13,0
DA:15,0
DA:18,0
DA:19,0
DA:22,0
DA:25,0
DA:29,0
DA:31,0
DA:32,0
DA:38,24
LF:10
LH:1
BRDA:14,0,0,0
BRDA:14,0,1,0
BRDA:20,1,0,0
BRDA:20,1,1,0
BRDA:21,2,0,0
BRDA:21,2,1,0
BRDA:29,3,0,0
BRDA:29,3,1,0
BRDA:27,4,0,0
BRDA:27,4,1,0
BRDA:27,4,2,0
BRDA:27,4,3,0
BRDA:32,5,0,0
BRDA:32,5,1,0
BRF:14
BRH:0
end_of_record
TN:
SF:src/ludamus/client/src/event-timeline.ts
FN:10,(anonymous_0)
FN:15,(anonymous_1)
FN:17,(anonymous_2)
FN:26,(anonymous_3)
FN:43,(anonymous_4)
FN:47,(anonymous_5)
FN:71,(anonymous_6)
FN:73,(anonymous_7)
FN:84,(anonymous_8)
FN:102,(anonymous_9)
FN:110,(anonymous_10)
FN:124,(anonymous_11)
FN:151,(anonymous_12)
FN:166,(anonymous_13)
FN:179,(anonymous_14)
FN:187,(anonymous_15)
FN:192,(anonymous_16)
FN:200,(anonymous_17)
FN:207,(anonymous_18)
FN:214,(anonymous_19)
FN:228,(anonymous_20)
FNF:21
FNH:19
FNDA:124,(anonymous_0)
FNDA:124,(anonymous_1)
FNDA:4,(anonymous_2)
FNDA:8,(anonymous_3)
FNDA:8,(anonymous_4)
FNDA:32,(anonymous_5)
FNDA:4,(anonymous_6)
FNDA:124,(anonymous_7)
FNDA:124,(anonymous_8)
FNDA:4,(anonymous_9)
FNDA:0,(anonymous_10)
FNDA:8,(anonymous_11)
FNDA:10,(anonymous_12)
FNDA:10,(anonymous_13)
FNDA:2,(anonymous_14)
FNDA:10,(anonymous_15)
FNDA:2,(anonymous_16)
FNDA:2,(anonymous_17)
FNDA:1,(anonymous_18)
FNDA:1,(anonymous_19)
FNDA:0,(anonymous_20)
DA:10,24
DA:20,4
DA:23,4
DA:25,4
DA:27,8
DA:44,8
DA:48,32
DA:50,8
DA:51,272
DA:52,272
DA:53,248
DA:54,0
DA:55,0
DA:57,248
DA:58,248
DA:59,248
DA:62,24
DA:68,8
DA:72,4
DA:74,124
DA:75,124
DA:80,4
DA:81,4
DA:84,4
DA:85,4
DA:87,4
DA:88,4
DA:89,124
DA:90,124
DA:91,124
DA:93,4
DA:94,0
DA:95,0
DA:98,4
DA:102,4
DA:103,4
DA:109,4
DA:110,124
DA:111,0
DA:119,4
DA:125,8
DA:126,136
DA:129,8
DA:131,8
DA:132,8
DA:133,8
DA:138,8
DA:140,8
DA:144,124
DA:150,4
DA:152,10
DA:154,10
DA:155,160
DA:158,160
DA:163,10
DA:167,10
DA:168,10
DA:179,4
DA:180,2
DA:188,10
DA:192,4
DA:193,2
DA:201,2
DA:204,4
DA:215,1
DA:223,4
DA:227,4
DA:228,8
DA:229,0
DA:235,24
LF:70
LH:64
BRDA:23,0,0,0
BRDA:23,0,1,4
BRDA:27,1,0,8
BRDA:27,1,1,8
BRDA:27,1,2,6
BRDA:30,2,0,8
BRDA:30,2,1,8
BRDA:48,3,0,32
BRDA:48,3,1,24
BRDA:48,4,0,24
BRDA:48,4,1,0
BRDA:51,5,0,272
BRDA:51,5,1,0
BRDA:52,6,0,248
BRDA:52,6,1,24
BRDA:53,7,0,0
BRDA:53,7,1,248
BRDA:59,8,0,188
BRDA:59,8,1,60
BRDA:60,9,0,248
BRDA:60,9,1,188
BRDA:75,10,0,124
BRDA:75,10,1,124
BRDA:80,11,0,4
BRDA:80,11,1,4
BRDA:89,12,0,124
BRDA:89,12,1,64
BRDA:91,13,0,124
BRDA:91,13,1,124
BRDA:91,13,2,124
BRDA:93,14,0,0
BRDA:93,14,1,4
BRDA:93,15,0,4
BRDA:93,15,1,0
BRDA:95,16,0,0
BRDA:95,16,1,0
BRDA:95,17,0,0
BRDA:95,17,1,0
BRDA:104,18,0,4
BRDA:104,18,1,0
BRDA:126,19,0,8
BRDA:126,19,1,128
BRDA:133,20,0,8
BRDA:133,20,1,4
BRDA:139,21,0,4
BRDA:139,21,1,4
BRDA:140,22,0,8
BRDA:140,22,1,4
BRDA:158,23,0,160
BRDA:158,23,1,139
BRDA:168,24,0,10
BRDA:168,24,1,10
BRDA:168,24,2,4
BRDA:180,25,0,2
BRDA:180,25,1,2
BRDA:180,25,2,2
BRDA:180,25,3,2
BRDA:188,26,0,10
BRDA:188,26,1,8
BRDA:188,26,2,8
BRDA:193,27,0,2
BRDA:193,27,1,2
BRDA:193,27,2,2
BRDA:215,28,0,1
BRDA:215,28,1,1
BRDA:229,29,0,0
BRDA:229,29,1,0
BRDA:235,30,0,24
BRDA:235,30,1,4
BRF:69
BRH:56
end_of_record
TN:
SF:src/ludamus/client/src/filter-autosubmit.ts
FN:8,(anonymous_0)
FN:9,(anonymous_1)
FN:15,(anonymous_2)
FN:22,(anonymous_3)
FN:27,(anonymous_4)
FN:28,(anonymous_5)
FN:31,(anonymous_6)
FNF:7
FNH:7
FNDA:15,(anonymous_0)
FNDA:74,(anonymous_1)
FNDA:2,(anonymous_2)
FNDA:2,(anonymous_3)
FNDA:2,(anonymous_4)
FNDA:2,(anonymous_5)
FNDA:2,(anonymous_6)
DA:6,11
DA:11,11
DA:12,11
DA:16,2
DA:17,2
DA:23,2
DA:27,11
DA:29,2
DA:34,2
LF:9
LH:9
BRDA:17,0,0,2
BRDA:17,0,1,2
BRDA:23,1,0,2
BRDA:23,1,1,1
BRDA:29,2,0,2
BRDA:29,2,1,0
BRDA:34,3,0,2
BRDA:34,3,1,2
BRF:8
BRH:7
end_of_record
TN:
SF:src/ludamus/client/src/flash.ts
FN:13,(anonymous_0)
FN:16,(anonymous_1)
FN:17,(anonymous_2)
FN:18,(anonymous_3)
FN:21,(anonymous_4)
FN:31,(anonymous_5)
FN:70,(anonymous_6)
FN:75,(anonymous_7)
FN:79,(anonymous_8)
FN:80,(anonymous_9)
FN:81,(anonymous_10)
FN:82,(anonymous_11)
FN:88,(anonymous_12)
FN:94,(anonymous_13)
FN:113,(anonymous_14)
FN:118,(anonymous_15)
FN:124,(anonymous_16)
FN:130,(anonymous_17)
FN:142,(anonymous_18)
FN:143,(anonymous_19)
FN:150,(anonymous_20)
FN:156,(anonymous_21)
FN:163,(anonymous_22)
FN:164,(anonymous_23)
FN:168,(anonymous_24)
FN:182,(anonymous_25)
FN:192,(anonymous_26)
FN:233,(anonymous_27)
FN:236,(anonymous_28)
FN:240,(anonymous_29)
FNF:30
FNH:24
FNDA:58,(anonymous_0)
FNDA:120,(anonymous_1)
FNDA:122,(anonymous_2)
FNDA:122,(anonymous_3)
FNDA:120,(anonymous_4)
FNDA:115,(anonymous_5)
FNDA:4,(anonymous_6)
FNDA:55,(anonymous_7)
FNDA:1,(anonymous_8)
FNDA:1,(anonymous_9)
FNDA:1,(anonymous_10)
FNDA:1,(anonymous_11)
FNDA:3,(anonymous_12)
FNDA:3,(anonymous_13)
FNDA:6,(anonymous_14)
FNDA:5,(anonymous_15)
FNDA:3,(anonymous_16)
FNDA:55,(anonymous_17)
FNDA:56,(anonymous_18)
FNDA:67,(anonymous_19)
FNDA:55,(anonymous_20)
FNDA:3,(anonymous_21)
FNDA:53,(anonymous_22)
FNDA:0,(anonymous_23)
FNDA:0,(anonymous_24)
FNDA:169,(anonymous_25)
FNDA:0,(anonymous_26)
FNDA:0,(anonymous_27)
FNDA:0,(anonymous_28)
FNDA:0,(anonymous_29)
DA:7,169
DA:22,120
DA:23,120
DA:24,7
DA:25,7
DA:28,113
DA:29,116
DA:31,113
DA:36,120
DA:37,115
DA:46,115
DA:47,55
DA:49,55
DA:52,60
DA:65,113
DA:71,4
DA:76,55
DA:83,1
DA:89,3
DA:90,3
DA:95,3
DA:96,3
DA:107,3
DA:108,0
DA:109,0
DA:112,3
DA:114,6
DA:119,5
DA:123,3
DA:125,3
DA:131,55
DA:136,55
DA:137,0
DA:139,0
DA:142,55
DA:143,56
DA:144,67
DA:157,3
DA:160,55
DA:162,53
DA:164,53
DA:165,0
DA:169,0
DA:174,53
DA:183,169
DA:184,13
DA:193,0
DA:194,0
DA:203,0
DA:204,0
DA:209,0
DA:210,0
DA:213,0
DA:214,0
DA:236,169
DA:237,0
DA:238,0
DA:241,0
LF:58
LH:41
BRDA:14,0,0,58
BRDA:14,0,1,0
BRDA:23,1,0,7
BRDA:23,1,1,113
BRDA:32,2,0,113
BRDA:32,2,1,0
BRDA:39,3,0,115
BRDA:39,3,1,0
BRDA:46,4,0,55
BRDA:46,4,1,60
BRDA:46,5,0,115
BRDA:46,5,1,60
BRDA:52,6,0,2
BRDA:52,6,1,58
BRDA:56,7,0,56
BRDA:56,7,1,2
BRDA:65,8,0,2
BRDA:65,8,1,111
BRDA:76,9,0,55
BRDA:76,9,1,54
BRDA:83,10,0,1
BRDA:83,10,1,0
BRDA:83,10,2,1
BRDA:91,11,0,3
BRDA:91,11,1,3
BRDA:95,12,0,0
BRDA:95,12,1,3
BRDA:107,13,0,0
BRDA:107,13,1,3
BRDA:100,14,0,3
BRDA:100,14,1,3
BRDA:102,15,0,3
BRDA:102,15,1,0
BRDA:114,16,0,6
BRDA:114,16,1,3
BRDA:119,17,0,5
BRDA:119,17,1,5
BRDA:119,17,2,3
BRDA:136,18,0,0
BRDA:136,18,1,55
BRDA:132,19,0,55
BRDA:132,19,1,55
BRDA:134,20,0,55
BRDA:134,20,1,55
BRDA:138,21,0,0
BRDA:138,21,1,0
BRDA:145,22,0,67
BRDA:145,22,1,67
BRDA:160,23,0,2
BRDA:160,23,1,53
BRDA:151,24,0,55
BRDA:151,24,1,55
BRDA:169,25,0,0
BRDA:169,25,1,0
BRDA:194,26,0,0
BRDA:194,26,1,0
BRDA:199,27,0,0
BRDA:199,27,1,0
BRDA:218,28,0,0
BRDA:218,28,1,0
BRDA:234,29,0,0
BRDA:234,29,1,0
BRDA:238,30,0,0
BRDA:238,30,1,0
BRDA:238,30,2,0
BRDA:244,31,0,0
BRDA:244,31,1,169
BRF:67
BRH:43
end_of_record
TN:
SF:src/ludamus/client/src/info-popover.ts
FN:4,(anonymous_0)
FN:10,(anonymous_1)
FN:16,(anonymous_2)
FN:23,(anonymous_3)
FN:29,(anonymous_4)
FNF:5
FNH:2
FNDA:20,(anonymous_0)
FNDA:0,(anonymous_1)
FNDA:0,(anonymous_2)
FNDA:0,(anonymous_3)
FNDA:117,(anonymous_4)
DA:1,117
DA:5,20
DA:9,0
DA:11,0
DA:15,0
DA:17,0
DA:21,20
DA:24,0
DA:30,117
DA:33,9
DA:37,117
LF:11
LH:6
BRDA:37,0,0,0
BRDA:37,0,1,117
BRF:2
BRH:1
end_of_record
TN:
SF:src/ludamus/client/src/menu.ts
FN:9,(anonymous_0)
FN:14,(anonymous_1)
FN:16,(anonymous_2)
FN:36,(anonymous_3)
FN:33,(anonymous_4)
FN:48,(anonymous_5)
FN:52,(anonymous_6)
FN:61,(anonymous_7)
FN:66,(anonymous_8)
FN:73,(anonymous_9)
FN:80,(anonymous_10)
FN:86,(anonymous_11)
FN:93,(anonymous_12)
FNF:13
FNH:13
FNDA:371,(anonymous_0)
FNDA:1429,(anonymous_1)
FNDA:385,(anonymous_2)
FNDA:3,(anonymous_3)
FNDA:404,(anonymous_4)
FNDA:5,(anonymous_5)
FNDA:12,(anonymous_6)
FNDA:1,(anonymous_7)
FNDA:1,(anonymous_8)
FNDA:5,(anonymous_9)
FNDA:581,(anonymous_10)
FNDA:843,(anonymous_11)
FNDA:169,(anonymous_12)
DA:6,169
DA:10,371
DA:13,371
DA:14,371
DA:17,385
DA:38,3
DA:50,371
DA:53,12
DA:54,12
DA:62,1
DA:67,1
DA:74,5
DA:81,581
DA:87,843
DA:94,169
DA:95,371
DA:99,169
LF:17
LH:17
BRDA:13,0,0,0
BRDA:13,0,1,371
BRDA:13,1,0,371
BRDA:13,1,1,371
BRDA:13,1,2,371
BRDA:16,2,0,385
BRDA:17,3,0,9
BRDA:17,3,1,376
BRDA:18,4,0,385
BRDA:18,4,1,9
BRDA:22,5,0,9
BRDA:22,5,1,376
BRDA:24,6,0,9
BRDA:24,6,1,6
BRDA:31,7,0,9
BRDA:31,7,1,3
BRDA:31,7,2,376
BRDA:38,8,0,3
BRDA:38,8,1,3
BRDA:40,9,0,3
BRDA:40,9,1,1
BRDA:48,10,0,5
BRDA:55,11,0,12
BRDA:55,11,1,10
BRDA:60,12,0,371
BRDA:60,12,1,133
BRDA:62,13,0,1
BRDA:62,13,1,1
BRDA:62,13,2,1
BRDA:67,14,0,1
BRDA:67,14,1,1
BRDA:67,14,2,1
BRDA:74,15,0,5
BRDA:74,15,1,2
BRDA:74,15,2,2
BRDA:81,16,0,581
BRDA:81,16,1,14
BRDA:81,16,2,0
BRDA:87,17,0,843
BRDA:87,17,1,17
BRDA:87,17,2,2
BRDA:99,18,0,0
BRDA:99,18,1,169
BRF:43
BRH:40
end_of_record
TN:
SF:src/ludamus/client/src/modal.ts
FN:41,(anonymous_0)
FN:49,(anonymous_1)
FN:73,(anonymous_2)
FN:88,(anonymous_3)
FN:99,(anonymous_4)
FN:108,(anonymous_5)
FN:113,(anonymous_6)
FN:125,(anonymous_7)
FN:133,(anonymous_8)
FN:137,(anonymous_9)
FN:141,(anonymous_10)
FN:147,(anonymous_11)
FN:153,(anonymous_12)
FN:157,(anonymous_13)
FN:162,(anonymous_14)
FN:166,(anonymous_15)
FN:180,(anonymous_16)
FN:186,(anonymous_17)
FN:188,(anonymous_18)
FN:197,(anonymous_19)
FN:208,(anonymous_20)
FN:212,(anonymous_21)
FN:218,(anonymous_22)
FN:244,(anonymous_23)
FN:253,(anonymous_24)
FN:257,(anonymous_25)
FN:261,(anonymous_26)
FN:295,(anonymous_27)
FN:298,(anonymous_28)
FN:303,(anonymous_29)
FN:318,(anonymous_30)
FN:325,(anonymous_31)
FN:331,(anonymous_32)
FN:350,(anonymous_33)
FN:358,(anonymous_34)
FN:363,(anonymous_35)
FN:368,(anonymous_36)
FN:371,(anonymous_37)
FN:395,(anonymous_38)
FN:406,(anonymous_39)
FN:417,(anonymous_40)
FN:424,(anonymous_41)
FN:438,(anonymous_42)
FN:450,(anonymous_43)
FN:467,(anonymous_44)
FN:475,(anonymous_45)
FN:493,(anonymous_46)
FN:529,(anonymous_47)
FN:531,(anonymous_48)
FNF:49
FNH:42
FNDA:39,(anonymous_0)
FNDA:5,(anonymous_1)
FNDA:6,(anonymous_2)
FNDA:20,(anonymous_3)
FNDA:20,(anonymous_4)
FNDA:0,(anonymous_5)
FNDA:0,(anonymous_6)
FNDA:78,(anonymous_7)
FNDA:24,(anonymous_8)
FNDA:17,(anonymous_9)
FNDA:37,(anonymous_10)
FNDA:12,(anonymous_11)
FNDA:18,(anonymous_12)
FNDA:12,(anonymous_13)
FNDA:8,(anonymous_14)
FNDA:5,(anonymous_15)
FNDA:15,(anonymous_16)
FNDA:14,(anonymous_17)
FNDA:0,(anonymous_18)
FNDA:24,(anonymous_19)
FNDA:3,(anonymous_20)
FNDA:3,(anonymous_21)
FNDA:3,(anonymous_22)
FNDA:17,(anonymous_23)
FNDA:2,(anonymous_24)
FNDA:0,(anonymous_25)
FNDA:2,(anonymous_26)
FNDA:518,(anonymous_27)
FNDA:3,(anonymous_28)
FNDA:3,(anonymous_29)
FNDA:172,(anonymous_30)
FNDA:3,(anonymous_31)
FNDA:3,(anonymous_32)
FNDA:15,(anonymous_33)
FNDA:0,(anonymous_34)
FNDA:3,(anonymous_35)
FNDA:541,(anonymous_36)
FNDA:169,(anonymous_37)
FNDA:6,(anonymous_38)
FNDA:1,(anonymous_39)
FNDA:124,(anonymous_40)
FNDA:1,(anonymous_41)
FNDA:11,(anonymous_42)
FNDA:9,(anonymous_43)
FNDA:5,(anonymous_44)
FNDA:5,(anonymous_45)
FNDA:210,(anonymous_46)
FNDA:0,(anonymous_47)
FNDA:0,(anonymous_48)
DA:37,169
DA:42,39
DA:43,39
DA:44,0
DA:46,39
DA:54,5
DA:57,5
DA:58,5
DA:59,5
DA:61,0
DA:62,0
DA:63,0
DA:66,5
DA:67,5
DA:68,5
DA:70,0
DA:74,6
DA:75,6
DA:77,5
DA:78,5
DA:81,5
DA:82,5
DA:84,5
DA:85,5
DA:100,20
DA:105,20
DA:114,0
DA:115,0
DA:126,78
DA:127,10
DA:130,10
DA:134,24
DA:138,17
DA:148,12
DA:149,48
DA:154,18
DA:158,12
DA:163,8
DA:171,5
DA:172,5
DA:177,5
DA:181,15
DA:182,15
DA:183,0
DA:184,0
DA:186,15
DA:187,14
DA:189,0
DA:190,0
DA:192,0
DA:201,24
DA:203,24
DA:204,24
DA:205,24
DA:209,3
DA:213,3
DA:219,3
DA:232,24
DA:233,0
DA:234,0
DA:241,24
DA:248,17
DA:249,17
DA:250,17
DA:251,17
DA:254,2
DA:258,0
DA:262,2
DA:274,17
DA:275,6
DA:276,6
DA:278,5
DA:299,3
DA:300,3
DA:304,3
DA:305,6
DA:306,6
DA:307,0
DA:308,0
DA:309,0
DA:310,0
DA:319,172
DA:320,195
DA:326,3
DA:332,3
DA:336,3
DA:337,3
DA:339,3
DA:340,3
DA:341,3
DA:342,0
DA:346,3
DA:351,15
DA:352,3
DA:353,3
DA:354,3
DA:356,3
DA:365,15
DA:372,169
DA:374,169
DA:376,169
DA:377,0
DA:380,169
DA:381,533
DA:383,533
DA:385,533
DA:386,533
DA:390,12
DA:392,521
DA:393,521
DA:394,526
DA:395,3
DA:396,6
DA:398,3
DA:404,169
DA:407,1
DA:408,1
DA:419,124
DA:420,117
DA:421,124
DA:427,56
DA:428,11
DA:429,11
DA:431,11
DA:433,11
DA:439,11
DA:441,9
DA:443,11
DA:448,9
DA:451,9
DA:467,169
DA:468,5
DA:476,5
DA:477,5
DA:479,5
DA:480,5
DA:482,5
DA:483,5
DA:493,169
DA:494,210
DA:497,210
DA:498,210
DA:500,0
DA:502,0
DA:516,0
DA:517,0
DA:518,0
DA:520,0
DA:522,0
DA:524,0
DA:530,0
DA:532,0
LF:152
LH:121
BRDA:43,0,0,0
BRDA:43,0,1,39
BRDA:52,1,0,5
BRDA:52,2,0,5
BRDA:57,3,0,5
BRDA:57,3,1,0
BRDA:58,4,0,0
BRDA:58,4,1,5
BRDA:62,5,0,0
BRDA:62,5,1,0
BRDA:66,6,0,5
BRDA:66,6,1,0
BRDA:75,7,0,1
BRDA:75,7,1,5
BRDA:78,8,0,0
BRDA:78,8,1,5
BRDA:82,9,0,0
BRDA:82,9,1,5
BRDA:89,10,0,20
BRDA:89,10,1,0
BRDA:101,11,0,20
BRDA:101,11,1,0
BRDA:109,12,0,0
BRDA:109,12,1,0
BRDA:109,12,2,0
BRDA:114,13,0,0
BRDA:114,13,1,0
BRDA:126,14,0,68
BRDA:126,14,1,10
BRDA:130,15,0,10
BRDA:130,15,1,0
BRDA:142,16,0,37
BRDA:142,16,1,5
BRDA:142,16,2,5
BRDA:142,16,3,5
BRDA:149,17,0,24
BRDA:149,17,1,24
BRDA:154,18,0,10
BRDA:154,18,1,8
BRDA:173,19,0,5
BRDA:173,19,1,0
BRDA:181,20,0,15
BRDA:181,20,1,0
BRDA:182,21,0,0
BRDA:182,21,1,15
BRDA:199,22,0,24
BRDA:199,23,0,24
BRDA:199,24,0,24
BRDA:199,25,0,24
BRDA:203,26,0,24
BRDA:203,26,1,0
BRDA:203,27,0,24
BRDA:203,27,1,24
BRDA:205,28,0,3
BRDA:205,28,1,21
BRDA:205,29,0,24
BRDA:205,29,1,18
BRDA:232,30,0,0
BRDA:232,30,1,24
BRDA:234,31,0,0
BRDA:234,31,1,0
BRDA:241,32,0,24
BRDA:241,32,1,3
BRDA:246,33,0,17
BRDA:246,34,0,17
BRDA:246,35,0,17
BRDA:246,36,0,17
BRDA:249,37,0,17
BRDA:249,37,1,0
BRDA:251,38,0,2
BRDA:251,38,1,15
BRDA:251,39,0,17
BRDA:251,39,1,17
BRDA:274,40,0,6
BRDA:274,40,1,11
BRDA:276,41,0,1
BRDA:276,41,1,5
BRDA:278,42,0,5
BRDA:278,42,1,5
BRDA:300,43,0,3
BRDA:300,43,1,0
BRDA:310,44,0,0
BRDA:310,44,1,0
BRDA:336,45,0,0
BRDA:336,45,1,3
BRDA:341,46,0,0
BRDA:341,46,1,3
BRDA:341,47,0,3
BRDA:341,47,1,3
BRDA:351,48,0,12
BRDA:351,48,1,3
BRDA:352,49,0,0
BRDA:352,49,1,3
BRDA:354,50,0,0
BRDA:354,50,1,3
BRDA:357,51,0,3
BRDA:357,51,1,3
BRDA:369,52,0,541
BRDA:369,52,1,512
BRDA:372,53,0,0
BRDA:372,53,1,169
BRDA:383,54,0,0
BRDA:383,54,1,533
BRDA:383,55,0,533
BRDA:383,55,1,533
BRDA:386,56,0,12
BRDA:386,56,1,521
BRDA:387,57,0,533
BRDA:387,57,1,36
BRDA:388,58,0,36
BRDA:388,58,1,24
BRDA:394,59,0,3
BRDA:394,59,1,523
BRDA:396,60,0,6
BRDA:396,60,1,6
BRDA:408,61,0,1
BRDA:408,61,1,1
BRDA:408,61,2,1
BRDA:416,62,0,169
BRDA:416,62,1,169
BRDA:419,63,0,7
BRDA:419,63,1,117
BRDA:418,64,0,124
BRDA:418,64,1,117
BRDA:418,64,2,117
BRDA:421,65,0,56
BRDA:421,65,1,68
BRDA:421,66,0,124
BRDA:421,66,1,57
BRDA:421,67,0,117
BRDA:421,67,1,117
BRDA:428,68,0,0
BRDA:428,68,1,11
BRDA:431,69,0,0
BRDA:431,69,1,11
BRDA:431,70,0,11
BRDA:431,70,1,11
BRDA:439,71,0,2
BRDA:439,71,1,9
BRDA:437,72,0,11
BRDA:437,72,1,11
BRDA:443,73,0,9
BRDA:443,73,1,2
BRDA:443,74,0,9
BRDA:443,74,1,6
BRDA:444,75,0,6
BRDA:444,75,1,6
BRDA:451,76,0,9
BRDA:451,76,1,0
BRDA:470,77,0,5
BRDA:470,77,1,5
BRDA:477,78,0,0
BRDA:477,78,1,5
BRDA:480,79,0,0
BRDA:480,79,1,5
BRDA:483,80,0,5
BRDA:483,80,1,5
BRDA:497,81,0,210
BRDA:497,81,1,0
BRDA:495,82,0,210
BRDA:495,82,1,210
BRDA:495,82,2,0
BRDA:502,83,0,0
BRDA:502,83,1,0
BRDA:502,83,2,0
BRDA:502,83,3,0
BRDA:502,83,4,0
BRDA:539,84,0,169
BRDA:539,84,1,0
BRDA:517,85,0,0
BRDA:517,85,1,0
BRDA:520,86,0,0
BRDA:520,86,1,0
BRDA:520,87,0,0
BRDA:520,87,1,0
BRDA:524,88,0,0
BRDA:524,88,1,0
BRDA:524,88,2,0
BRDA:525,89,0,0
BRDA:525,89,1,0
BRDA:532,90,0,0
BRDA:532,90,1,0
BRF:182
BRH:123
end_of_record
TN:
SF:src/ludamus/client/src/session-bookmarks.ts
FN:14,(anonymous_0)
FN:20,(anonymous_1)
FN:39,(anonymous_2)
FN:77,(anonymous_3)
FNF:4
FNH:1
FNDA:0,(anonymous_0)
FNDA:0,(anonymous_1)
FNDA:0,(anonymous_2)
FNDA:1,(anonymous_3)
DA:8,24
DA:21,0
DA:22,0
DA:31,0
DA:32,0
DA:40,0
DA:41,0
DA:43,0
DA:45,0
DA:47,0
DA:49,0
DA:50,0
DA:56,0
DA:57,0
DA:58,0
DA:64,0
DA:66,0
DA:67,0
DA:69,0
DA:72,0
DA:76,24
DA:78,1
DA:79,1
LF:23
LH:4
BRDA:22,0,0,0
BRDA:22,0,1,0
BRDA:32,1,0,0
BRDA:32,1,1,0
BRDA:40,2,0,0
BRDA:40,2,1,0
BRDA:40,3,0,0
BRDA:40,3,1,0
BRDA:43,4,0,0
BRDA:43,4,1,0
BRDA:43,5,0,0
BRDA:43,5,1,0
BRDA:46,6,0,0
BRDA:46,6,1,0
BRDA:48,7,0,0
BRDA:48,7,1,0
BRDA:51,8,0,0
BRDA:51,8,1,0
BRDA:56,9,0,0
BRDA:56,9,1,0
BRDA:58,10,0,0
BRDA:58,10,1,0
BRDA:59,11,0,0
BRDA:59,11,1,0
BRDA:59,11,2,0
BRDA:59,11,3,0
BRDA:76,12,0,24
BRDA:76,12,1,4
BRDA:79,13,0,1
BRDA:79,13,1,0
BRF:30
BRH:3
end_of_record
TN:
SF:src/ludamus/client/src/session-card.ts
FNF:0
FNH:0
DA:5,24
DA:6,0
DA:7,0
DA:10,0
DA:11,0
DA:12,0
DA:13,0
LF:7
LH:1
BRDA:13,0,0,0
BRDA:13,0,1,0
BRF:2
BRH:0
end_of_record
TN:
SF:src/ludamus/client/src/session-edit.ts
FN:6,(anonymous_0)
FN:20,(anonymous_1)
FN:29,(anonymous_2)
FN:32,(anonymous_3)
FN:43,(anonymous_4)
FN:55,(anonymous_5)
FN:66,(anonymous_6)
FN:85,(anonymous_7)
FNF:8
FNH:1
FNDA:0,(anonymous_0)
FNDA:0,(anonymous_1)
FNDA:0,(anonymous_2)
FNDA:11,(anonymous_3)
FNDA:0,(anonymous_4)
FNDA:0,(anonymous_5)
FNDA:0,(anonymous_6)
FNDA:0,(anonymous_7)
DA:4,24
DA:7,0
DA:8,0
DA:11,0
DA:21,0
DA:22,0
DA:23,0
DA:24,0
DA:32,24
DA:33,11
DA:35,11
DA:36,0
DA:37,0
DA:39,11
DA:40,11
DA:43,24
DA:44,0
DA:45,0
DA:46,0
DA:47,0
DA:50,24
DA:56,0
DA:57,0
DA:58,0
DA:62,0
DA:63,0
DA:64,0
DA:68,0
DA:84,24
DA:85,0
LF:30
LH:9
BRDA:7,0,0,0
BRDA:7,0,1,0
BRDA:11,1,0,0
BRDA:11,1,1,0
BRDA:12,2,0,0
BRDA:12,2,1,0
BRDA:13,3,0,0
BRDA:13,3,1,0
BRDA:15,4,0,0
BRDA:15,4,1,0
BRDA:17,5,0,0
BRDA:17,5,1,0
BRDA:22,6,0,0
BRDA:22,6,1,0
BRDA:22,7,0,0
BRDA:22,7,1,0
BRDA:22,7,2,0
BRDA:27,8,0,0
BRDA:27,8,1,0
BRDA:35,9,0,0
BRDA:35,9,1,11
BRDA:40,10,0,11
BRDA:40,10,1,0
BRDA:45,11,0,0
BRDA:45,11,1,0
BRDA:45,12,0,0
BRDA:45,12,1,0
BRDA:57,13,0,0
BRDA:57,13,1,0
BRDA:59,14,0,0
BRDA:59,14,1,0
BRDA:59,15,0,0
BRDA:59,15,1,0
BRDA:64,16,0,0
BRDA:64,16,1,0
BRDA:68,17,0,0
BRDA:68,17,1,0
BRDA:71,18,0,0
BRDA:71,18,1,0
BRF:39
BRH:2
end_of_record
TN:
SF:src/ludamus/client/src/session-filters.ts
FN:5,(anonymous_0)
FN:11,(anonymous_1)
FN:17,(anonymous_2)
FN:20,(anonymous_3)
FN:23,(anonymous_4)
FN:69,(anonymous_5)
FN:72,(anonymous_6)
FN:97,(anonymous_7)
FN:126,(anonymous_8)
FN:143,(anonymous_9)
FN:155,O
FN:179,(anonymous_11)
FN:269,k
FN:299,A
FN:301,(anonymous_14)
FN:304,(anonymous_15)
FN:311,(anonymous_16)
FN:314,(anonymous_17)
FN:379,(anonymous_18)
FN:387,(anonymous_19)
FN:391,(anonymous_20)
FN:397,(anonymous_21)
FNF:22
FNH:16
FNDA:264,(anonymous_0)
FNDA:24,(anonymous_1)
FNDA:0,(anonymous_2)
FNDA:2,(anonymous_3)
FNDA:208,(anonymous_4)
FNDA:510,(anonymous_5)
FNDA:20,(anonymous_6)
FNDA:28,(anonymous_7)
FNDA:20,(anonymous_8)
FNDA:440,(anonymous_9)
FNDA:10,O
FNDA:25,(anonymous_11)
FNDA:0,k
FNDA:10,A
FNDA:40,(anonymous_14)
FNDA:0,(anonymous_15)
FNDA:20,(anonymous_16)
FNDA:0,(anonymous_17)
FNDA:2,(anonymous_18)
FNDA:0,(anonymous_19)
FNDA:11,(anonymous_20)
FNDA:0,(anonymous_21)
DA:5,24
DA:6,264
DA:7,264
DA:8,264
DA:12,24
DA:13,24
DA:14,24
DA:24,208
DA:25,208
DA:34,24
DA:81,24
DA:82,500
DA:84,500
DA:92,24
DA:93,24
DA:94,500
DA:95,500
DA:97,24
DA:98,52
DA:99,24
DA:105,24
DA:106,24
DA:107,500
DA:109,88
DA:110,24
DA:119,24
DA:120,24
DA:121,500
DA:122,500
DA:126,24
DA:127,44
DA:128,24
DA:133,24
DA:134,4
DA:135,4
DA:136,4
DA:139,4
DA:140,4
DA:141,440
DA:142,440
DA:143,440
DA:144,440
DA:145,440
DA:151,24
DA:152,4
DA:155,10
DA:156,10
DA:165,10
DA:166,0
DA:167,0
DA:170,10
DA:171,30
DA:177,30
DA:178,21
DA:179,21
DA:182,30
DA:183,0
DA:185,0
DA:187,0
DA:190,0
DA:192,0
DA:195,0
DA:197,0
DA:200,0
DA:209,30
DA:210,0
DA:211,0
DA:215,30
DA:216,0
DA:219,0
DA:220,0
DA:230,0
DA:234,0
DA:237,30
DA:238,30
DA:242,10
DA:244,30
DA:247,30
DA:257,10
DA:258,0
DA:259,0
DA:262,10
DA:269,0
DA:270,0
DA:277,0
DA:278,0
DA:281,0
DA:282,0
DA:284,0
DA:285,0
DA:287,0
DA:288,0
DA:291,0
DA:299,10
DA:300,10
DA:302,40
DA:305,0
DA:312,20
DA:315,0
DA:322,10
DA:328,10
DA:338,10
DA:339,2
DA:340,2
DA:341,2
DA:342,2
DA:344,2
DA:346,2
DA:352,2
DA:353,2
DA:358,8
DA:361,10
DA:365,10
DA:371,24
DA:380,2
DA:381,2
DA:385,24
DA:386,24
DA:387,24
DA:388,0
DA:391,24
DA:392,11
DA:393,11
DA:398,0
DA:403,24
DA:408,24
LF:126
LH:92
BRDA:7,0,0,0
BRDA:7,0,1,264
BRDA:13,1,0,0
BRDA:13,1,1,24
BRDA:21,2,0,2
BRDA:21,2,1,0
BRDA:408,3,0,24
BRDA:408,3,1,24
BRDA:72,4,0,20
BRDA:72,4,1,0
BRDA:83,5,0,500
BRDA:83,5,1,0
BRDA:83,5,2,0
BRDA:86,6,0,500
BRDA:86,6,1,0
BRDA:86,7,0,500
BRDA:86,7,1,0
BRDA:95,8,0,500
BRDA:95,8,1,500
BRDA:95,8,2,52
BRDA:95,9,0,52
BRDA:95,9,1,0
BRDA:99,10,0,24
BRDA:99,10,1,24
BRDA:107,11,0,500
BRDA:107,11,1,500
BRDA:110,12,0,24
BRDA:110,12,1,24
BRDA:111,13,0,24
BRDA:111,13,1,0
BRDA:111,13,2,24
BRDA:122,14,0,500
BRDA:122,14,1,500
BRDA:122,14,2,44
BRDA:123,15,0,44
BRDA:123,15,1,0
BRDA:128,16,0,24
BRDA:128,16,1,20
BRDA:135,17,0,0
BRDA:135,17,1,4
BRDA:142,18,0,440
BRDA:142,18,1,0
BRDA:145,19,0,440
BRDA:145,19,1,440
BRDA:145,19,2,440
BRDA:167,20,0,0
BRDA:167,20,1,0
BRDA:177,21,0,21
BRDA:177,21,1,9
BRDA:178,22,0,21
BRDA:178,22,1,0
BRDA:182,23,0,0
BRDA:182,23,1,30
BRDA:183,24,0,0
BRDA:183,24,1,0
BRDA:183,24,2,0
BRDA:183,24,3,0
BRDA:209,25,0,0
BRDA:209,25,1,30
BRDA:205,26,0,30
BRDA:205,26,1,3
BRDA:206,27,0,30
BRDA:206,27,1,3
BRDA:207,28,0,30
BRDA:207,28,1,0
BRDA:209,29,0,30
BRDA:209,29,1,30
BRDA:210,30,0,0
BRDA:210,30,1,0
BRDA:210,31,0,0
BRDA:210,31,1,0
BRDA:211,32,0,0
BRDA:211,32,1,0
BRDA:212,33,0,0
BRDA:212,33,1,0
BRDA:215,34,0,0
BRDA:215,34,1,30
BRDA:216,35,0,0
BRDA:216,35,1,0
BRDA:217,36,0,0
BRDA:217,36,1,0
BRDA:230,37,0,0
BRDA:230,37,1,0
BRDA:230,37,2,0
BRDA:238,38,0,30
BRDA:238,38,1,30
BRDA:238,39,0,11
BRDA:238,39,1,19
BRDA:243,40,0,30
BRDA:243,40,1,0
BRDA:247,41,0,30
BRDA:247,41,1,19
BRDA:247,41,2,0
BRDA:252,42,0,11
BRDA:252,42,1,19
BRDA:259,43,0,0
BRDA:259,43,1,0
BRDA:302,44,0,40
BRDA:302,44,1,2
BRDA:312,45,0,20
BRDA:312,45,1,0
BRDA:326,46,0,10
BRDA:326,46,1,0
BRDA:327,47,0,10
BRDA:327,47,1,0
BRDA:338,48,0,2
BRDA:338,48,1,8
BRDA:330,49,0,2
BRDA:330,49,1,8
BRDA:346,50,0,2
BRDA:346,50,1,2
BRDA:354,51,0,2
BRDA:354,51,1,0
BRDA:364,52,0,10
BRDA:364,52,1,8
BRDA:365,53,0,10
BRDA:365,53,1,10
BRDA:367,54,0,1
BRDA:367,54,1,9
BRDA:367,55,0,10
BRDA:367,55,1,9
BRDA:367,55,2,1
BRDA:386,56,0,24
BRDA:386,56,1,0
BRDA:393,57,0,11
BRDA:393,57,1,2
BRDA:393,57,2,2
BRDA:393,57,3,0
BRDA:398,58,0,0
BRDA:398,58,1,0
BRDA:398,58,2,0
BRDA:403,59,0,24
BRDA:403,59,1,24
BRF:133
BRH:81
end_of_record
TN:
SF:src/ludamus/client/src/sound.ts
FN:10,(anonymous_0)
FN:13,(anonymous_1)
FN:19,(anonymous_2)
FN:30,(anonymous_3)
FN:36,(anonymous_4)
FN:42,(anonymous_5)
FN:50,(anonymous_6)
FN:55,(anonymous_7)
FN:64,(anonymous_8)
FN:72,(anonymous_9)
FN:80,(anonymous_10)
FN:86,(anonymous_11)
FNF:12
FNH:9
FNDA:0,(anonymous_0)
FNDA:171,(anonymous_1)
FNDA:171,(anonymous_2)
FNDA:2,(anonymous_3)
FNDA:0,(anonymous_4)
FNDA:169,(anonymous_5)
FNDA:169,(anonymous_6)
FNDA:209,(anonymous_7)
FNDA:90,(anonymous_8)
FNDA:128,(anonymous_9)
FNDA:210,(anonymous_10)
FNDA:0,(anonymous_11)
DA:3,169
DA:14,171
DA:16,171
DA:20,171
DA:21,171
DA:22,171
DA:23,171
DA:24,171
DA:26,171
DA:31,2
DA:37,0
DA:43,169
DA:44,169
DA:51,169
DA:57,209
DA:66,90
DA:73,128
DA:81,210
DA:82,210
DA:83,210
DA:87,0
DA:93,169
LF:22
LH:20
BRDA:15,0,0,168
BRDA:15,0,1,3
BRDA:24,1,0,167
BRDA:24,1,1,4
BRDA:26,2,0,171
BRDA:26,2,1,171
BRDA:26,2,2,171
BRDA:31,3,0,0
BRDA:31,3,1,2
BRDA:44,4,0,169
BRDA:44,4,1,13
BRDA:45,5,0,1
BRDA:45,5,1,12
BRDA:46,6,0,12
BRDA:46,6,1,0
BRDA:57,7,0,209
BRDA:57,7,1,209
BRDA:57,7,2,209
BRDA:57,7,3,180
BRDA:66,8,0,90
BRDA:66,8,1,90
BRDA:73,9,0,128
BRDA:73,9,1,79
BRDA:73,9,2,1
BRDA:75,10,0,79
BRDA:75,10,1,6
BRDA:75,10,2,2
BRDA:81,11,0,0
BRDA:81,11,1,210
BRDA:83,12,0,210
BRDA:83,12,1,0
BRDA:83,12,2,0
BRDA:87,13,0,0
BRDA:87,13,1,0
BRDA:93,14,0,0
BRDA:93,14,1,169
BRF:36
BRH:28
end_of_record
TN:
SF:src/ludamus/client/src/space-tree.ts
FN:12,(anonymous_0)
FN:14,(anonymous_1)
FN:17,(anonymous_2)
FN:20,(anonymous_3)
FN:42,(anonymous_4)
FN:55,(anonymous_5)
FN:56,(anonymous_6)
FN:63,(anonymous_7)
FN:71,(anonymous_8)
FN:90,(anonymous_9)
FNF:10
FNH:1
FNDA:0,(anonymous_0)
FNDA:0,(anonymous_1)
FNDA:0,(anonymous_2)
FNDA:0,(anonymous_3)
FNDA:0,(anonymous_4)
FNDA:81,(anonymous_5)
FNDA:0,(anonymous_6)
FNDA:0,(anonymous_7)
FNDA:0,(anonymous_8)
FNDA:0,(anonymous_9)
DA:10,15
DA:18,0
DA:19,0
DA:21,0
DA:33,0
DA:36,0
DA:43,0
DA:44,0
DA:45,0
DA:47,0
DA:56,81
DA:57,0
DA:58,0
DA:64,0
DA:65,0
DA:72,0
DA:73,0
DA:74,0
DA:75,0
DA:77,0
DA:78,0
DA:79,0
DA:85,15
DA:86,15
DA:87,81
DA:90,15
DA:91,0
DA:92,0
DA:94,0
LF:29
LH:6
BRDA:14,0,0,0
BRDA:14,0,1,0
BRDA:18,1,0,0
BRDA:18,1,1,0
BRDA:19,2,0,0
BRDA:19,2,1,0
BRDA:20,3,0,0
BRDA:20,3,1,0
BRDA:33,4,0,0
BRDA:33,4,1,0
BRDA:22,5,0,0
BRDA:22,5,1,0
BRDA:24,6,0,0
BRDA:24,6,1,0
BRDA:29,7,0,0
BRDA:29,7,1,0
BRDA:36,8,0,0
BRDA:36,8,1,0
BRDA:44,9,0,0
BRDA:44,9,1,0
BRDA:47,10,0,0
BRDA:47,10,1,0
BRDA:48,11,0,0
BRDA:48,11,1,0
BRDA:58,12,0,0
BRDA:58,12,1,0
BRDA:58,12,2,0
BRDA:65,13,0,0
BRDA:65,13,1,0
BRDA:65,13,2,0
BRDA:65,13,3,0
BRDA:72,14,0,0
BRDA:72,14,1,0
BRDA:72,15,0,0
BRDA:72,15,1,0
BRDA:74,16,0,0
BRDA:74,16,1,0
BRDA:74,17,0,0
BRDA:74,17,1,0
BRDA:74,17,2,0
BRDA:79,18,0,0
BRDA:79,18,1,0
BRDA:85,19,0,15
BRDA:85,19,1,0
BRDA:91,20,0,0
BRDA:91,20,1,0
BRDA:91,21,0,0
BRDA:91,21,1,0
BRDA:94,22,0,0
BRDA:94,22,1,0
BRDA:94,22,2,0
BRDA:96,23,0,0
BRDA:96,23,1,0
BRF:53
BRH:1
end_of_record
TN:
SF:src/ludamus/client/src/stepper.ts
FN:8,(anonymous_0)
FNF:1
FNH:1
FNDA:210,(anonymous_0)
DA:8,169
DA:9,210
DA:12,210
DA:13,0
DA:16,210
LF:5
LH:4
BRDA:12,0,0,210
BRDA:12,0,1,0
BRDA:16,1,0,210
BRDA:16,1,1,0
BRDA:16,1,2,0
BRDA:17,2,0,0
BRDA:17,2,1,0
BRDA:17,3,0,0
BRDA:17,3,1,0
BRDA:18,4,0,0
BRDA:18,4,1,0
BRF:11
BRH:2
end_of_record
TN:
SF:src/ludamus/client/src/tab-scroll.ts
FN:1,(anonymous_0)
FNF:1
FNH:1
FNDA:111,(anonymous_0)
DA:1,169
DA:2,111
DA:3,2
DA:4,2
DA:5,2
DA:8,2
DA:11,169
DA:12,95
LF:8
LH:8
BRDA:2,0,0,109
BRDA:2,0,1,2
BRDA:4,1,0,0
BRDA:4,1,1,2
BRF:4
BRH:3
end_of_record
TN:
SF:src/ludamus/client/src/tabs.ts
FN:15,e
FN:43,(anonymous_1)
FN:48,(anonymous_2)
FNF:3
FNH:1
FNDA:0,e
FNDA:11,(anonymous_1)
FNDA:0,(anonymous_2)
DA:15,0
DA:16,0
DA:17,0
DA:19,0
DA:20,0
DA:22,0
DA:23,0
DA:25,0
DA:27,0
DA:33,0
DA:35,0
DA:36,0
DA:43,24
DA:44,11
DA:45,11
DA:49,0
DA:50,0
DA:52,0
DA:53,0
DA:55,0
DA:59,0
DA:61,0
DA:62,0
DA:65,0
DA:66,0
DA:69,0
DA:70,0
DA:73,0
DA:74,0
DA:77,0
DA:80,0
LF:31
LH:3
BRDA:17,0,0,0
BRDA:17,0,1,0
BRDA:20,1,0,0
BRDA:20,1,1,0
BRDA:26,2,0,0
BRDA:26,2,1,0
BRDA:27,3,0,0
BRDA:27,3,1,0
BRDA:36,4,0,0
BRDA:36,4,1,0
BRDA:45,5,0,11
BRDA:45,5,1,0
BRDA:50,6,0,0
BRDA:50,6,1,0
BRDA:53,7,0,0
BRDA:53,7,1,0
BRDA:59,8,0,0
BRDA:59,8,1,0
BRDA:59,8,2,0
BRDA:59,8,3,0
BRDA:59,8,4,0
BRF:21
BRH:1
end_of_record
TN:
SF:src/ludamus/client/src/timetable.ts
FN:25,(anonymous_0)
FN:27,(anonymous_1)
FN:29,(anonymous_2)
FN:32,(anonymous_3)
FN:35,(anonymous_4)
FN:38,(anonymous_5)
FN:41,(anonymous_6)
FN:44,u
FN:52,d
FN:59,f
FN:64,(anonymous_10)
FN:75,m
FN:79,(anonymous_12)
FN:89,g
FN:95,_
FN:111,v
FN:117,(anonymous_16)
FN:128,y
FN:132,b
FN:171,x
FN:175,S
FN:182,C
FN:190,w
FN:200,T
FN:211,E
FN:229,D
FN:244,(anonymous_26)
FN:255,(anonymous_27)
FN:263,O
FN:264,(anonymous_29)
FN:266,(anonymous_30)
FN:277,(anonymous_31)
FN:302,(anonymous_32)
FN:312,(anonymous_33)
FN:325,(anonymous_34)
FN:335,(anonymous_35)
FN:350,(anonymous_36)
FN:357,(anonymous_37)
FN:382,(anonymous_38)
FN:393,(anonymous_39)
FN:401,(anonymous_40)
FN:409,(anonymous_41)
FN:431,(anonymous_42)
FN:434,(anonymous_43)
FN:438,(anonymous_44)
FN:444,(anonymous_45)
FN:447,z
FN:453,(anonymous_47)
FN:459,V
FN:472,H
FN:478,U
FN:486,W
FN:499,G
FN:503,(anonymous_53)
FN:526,(anonymous_54)
FN:530,(anonymous_55)
FN:544,(anonymous_56)
FN:548,(anonymous_57)
FNF:58
FNH:47
FNDA:38,(anonymous_0)
FNDA:4,(anonymous_1)
FNDA:6,(anonymous_2)
FNDA:38,(anonymous_3)
FNDA:12,(anonymous_4)
FNDA:12,(anonymous_5)
FNDA:4,(anonymous_6)
FNDA:20,u
FNDA:4,d
FNDA:8,f
FNDA:37,(anonymous_10)
FNDA:33,m
FNDA:0,(anonymous_12)
FNDA:0,g
FNDA:0,_
FNDA:7,v
FNDA:12,(anonymous_16)
FNDA:38,y
FNDA:7,b
FNDA:38,x
FNDA:7,S
FNDA:31,C
FNDA:7,w
FNDA:0,T
FNDA:8,E
FNDA:4,D
FNDA:4,(anonymous_26)
FNDA:0,(anonymous_27)
FNDA:4,O
FNDA:4,(anonymous_29)
FNDA:0,(anonymous_30)
FNDA:38,(anonymous_31)
FNDA:0,(anonymous_32)
FNDA:0,(anonymous_33)
FNDA:0,(anonymous_34)
FNDA:0,(anonymous_35)
FNDA:225,(anonymous_36)
FNDA:37,(anonymous_37)
FNDA:139,(anonymous_38)
FNDA:0,(anonymous_39)
FNDA:38,(anonymous_40)
FNDA:9,(anonymous_41)
FNDA:259,(anonymous_42)
FNDA:262,(anonymous_43)
FNDA:10,(anonymous_44)
FNDA:259,(anonymous_45)
FNDA:25,z
FNDA:13,(anonymous_47)
FNDA:255,V
FNDA:4,H
FNDA:1,U
FNDA:39,W
FNDA:8,G
FNDA:38,(anonymous_53)
FNDA:8,(anonymous_54)
FNDA:3,(anonymous_55)
FNDA:1,(anonymous_56)
FNDA:9,(anonymous_57)
DA:17,25
DA:44,20
DA:45,20
DA:47,20
DA:52,4
DA:53,4
DA:59,8
DA:60,8
DA:61,8
DA:64,25
DA:65,37
DA:72,37
DA:75,33
DA:76,33
DA:79,25
DA:80,0
DA:86,0
DA:89,0
DA:90,0
DA:95,0
DA:96,0
DA:97,0
DA:98,0
DA:105,0
DA:111,7
DA:112,7
DA:113,7
DA:114,7
DA:124,0
DA:128,38
DA:129,38
DA:132,7
DA:133,7
DA:134,7
DA:135,7
DA:137,6
DA:138,12
DA:139,12
DA:141,12
DA:142,12
DA:144,12
DA:149,12
DA:150,24
DA:152,24
DA:154,24
DA:158,24
DA:160,12
DA:161,24
DA:162,24
DA:171,38
DA:172,152
DA:175,7
DA:176,7
DA:182,31
DA:183,31
DA:190,7
DA:191,7
DA:200,0
DA:201,0
DA:202,0
DA:211,8
DA:212,8
DA:213,8
DA:214,8
DA:215,8
DA:216,8
DA:226,8
DA:229,4
DA:235,4
DA:237,4
DA:245,4
DA:256,0
DA:263,4
DA:264,4
DA:265,4
DA:268,4
DA:269,0
DA:270,0
DA:272,4
DA:277,25
DA:278,38
DA:281,38
DA:282,7
DA:283,7
DA:289,31
DA:290,5
DA:291,5
DA:293,4
DA:294,4
DA:303,0
DA:304,0
DA:313,0
DA:314,0
DA:315,0
DA:316,0
DA:317,0
DA:319,0
DA:321,0
DA:322,0
DA:326,0
DA:328,0
DA:329,0
DA:330,0
DA:331,0
DA:336,0
DA:351,225
DA:352,225
DA:358,37
DA:359,5
DA:360,19
DA:361,1
DA:362,1
DA:365,4
DA:367,37
DA:368,4
DA:372,4
DA:383,139
DA:394,0
DA:397,0
DA:402,38
DA:410,9
DA:421,25
DA:447,25
DA:448,25
DA:449,25
DA:453,25
DA:459,255
DA:460,255
DA:461,255
DA:462,255
DA:463,255
DA:472,4
DA:473,4
DA:478,1
DA:479,1
DA:486,39
DA:487,39
DA:488,39
DA:491,4
DA:492,39
DA:499,8
DA:500,8
DA:503,25
DA:504,38
DA:505,38
DA:506,3
DA:508,3
DA:511,38
DA:515,3
DA:521,3
DA:525,3
DA:527,8
DA:531,3
DA:539,3
DA:545,1
DA:549,9
DA:568,25
DA:569,25
LF:158
LH:124
BRDA:47,0,0,20
BRDA:47,0,1,0
BRDA:47,1,0,20
BRDA:47,1,1,20
BRDA:53,2,0,4
BRDA:53,2,1,0
BRDA:54,3,0,4
BRDA:54,3,1,0
BRDA:55,4,0,0
BRDA:55,4,1,4
BRDA:66,5,0,37
BRDA:66,5,1,12
BRDA:81,6,0,0
BRDA:81,6,1,0
BRDA:97,7,0,0
BRDA:97,7,1,0
BRDA:108,8,0,0
BRDA:108,8,1,0
BRDA:112,9,0,0
BRDA:112,9,1,7
BRDA:115,10,0,7
BRDA:115,10,1,0
BRDA:118,11,0,12
BRDA:118,11,1,12
BRDA:118,11,2,12
BRDA:118,11,3,12
BRDA:134,12,0,7
BRDA:134,12,1,0
BRDA:134,13,0,7
BRDA:134,13,1,0
BRDA:135,14,0,6
BRDA:135,14,1,1
BRDA:139,15,0,0
BRDA:139,15,1,12
BRDA:142,16,0,0
BRDA:142,16,1,12
BRDA:152,17,0,0
BRDA:152,17,1,24
BRDA:152,18,0,24
BRDA:152,18,1,24
BRDA:158,19,0,12
BRDA:158,19,1,12
BRDA:192,20,0,7
BRDA:192,20,1,0
BRDA:194,21,0,7
BRDA:194,21,1,0
BRDA:203,22,0,0
BRDA:203,22,1,0
BRDA:205,23,0,0
BRDA:205,23,1,0
BRDA:206,24,0,0
BRDA:206,24,1,0
BRDA:213,25,0,0
BRDA:213,25,1,8
BRDA:215,26,0,0
BRDA:215,26,1,8
BRDA:217,27,0,8
BRDA:217,27,1,0
BRDA:245,28,0,4
BRDA:245,28,1,0
BRDA:247,29,0,4
BRDA:247,29,1,4
BRDA:265,30,0,4
BRDA:265,30,1,4
BRDA:268,31,0,0
BRDA:268,31,1,4
BRDA:270,32,0,0
BRDA:270,32,1,0
BRDA:270,33,0,0
BRDA:270,33,1,0
BRDA:281,34,0,7
BRDA:281,34,1,31
BRDA:289,35,0,5
BRDA:289,35,1,26
BRDA:289,36,0,31
BRDA:289,36,1,5
BRDA:291,37,0,4
BRDA:291,37,1,1
BRDA:292,38,0,4
BRDA:292,38,1,0
BRDA:294,39,0,4
BRDA:294,39,1,4
BRDA:304,40,0,0
BRDA:304,40,1,0
BRDA:304,40,2,0
BRDA:313,41,0,0
BRDA:313,41,1,0
BRDA:315,42,0,0
BRDA:315,42,1,0
BRDA:320,43,0,0
BRDA:320,43,1,0
BRDA:322,44,0,0
BRDA:322,44,1,0
BRDA:328,45,0,0
BRDA:328,45,1,0
BRDA:328,46,0,0
BRDA:328,46,1,0
BRDA:331,47,0,0
BRDA:331,47,1,0
BRDA:338,48,0,0
BRDA:338,48,1,0
BRDA:352,49,0,225
BRDA:352,49,1,225
BRDA:352,49,2,25
BRDA:358,50,0,32
BRDA:358,50,1,5
BRDA:360,51,0,1
BRDA:360,51,1,18
BRDA:366,52,0,4
BRDA:366,52,1,4
BRDA:367,53,0,0
BRDA:367,53,1,37
BRDA:367,54,0,37
BRDA:367,54,1,4
BRDA:383,55,0,139
BRDA:383,55,1,0
BRDA:395,56,0,0
BRDA:395,56,1,0
BRDA:402,57,0,38
BRDA:402,57,1,1
BRDA:410,58,0,9
BRDA:410,58,1,1
BRDA:410,58,2,1
BRDA:445,59,0,259
BRDA:445,59,1,0
BRDA:448,60,0,25
BRDA:448,60,1,24
BRDA:449,61,0,1
BRDA:449,61,1,24
BRDA:461,62,0,0
BRDA:461,62,1,255
BRDA:488,63,0,35
BRDA:488,63,1,4
BRDA:491,64,0,39
BRDA:491,64,1,0
BRDA:492,65,0,4
BRDA:492,65,1,0
BRDA:504,66,0,38
BRDA:504,66,1,0
BRDA:505,67,0,35
BRDA:505,67,1,3
BRDA:511,68,0,0
BRDA:511,68,1,38
BRDA:511,69,0,3
BRDA:511,69,1,3
BRDA:545,70,0,1
BRDA:545,70,1,1
BRDA:549,71,0,9
BRDA:549,71,1,1
BRDA:551,72,0,1
BRDA:551,72,1,0
BRDA:554,73,0,0
BRDA:554,73,1,0
BRDA:554,73,2,0
BRDA:569,74,0,25
BRDA:569,74,1,1
BRF:156
BRH:88
end_of_record
